<?xml version="1.0" encoding="UTF-8"?>
<testsuite xmlns:xsi="http://www.w3.org/2001/XMLSchema-instance" xsi:noNamespaceSchemaLocation="https://maven.apache.org/surefire/maven-surefire-plugin/xsd/surefire-test-report.xsd" name="chatBot.weatherAPI.WeatherAPIModuleTest" time="3.931" tests="17" errors="15" skipped="0" failures="0">
  <properties>
[...]
</properties>
  <testcase name="testGetSunRise" classname="chatBot.weatherAPI.WeatherAPIModuleTest" time="0.865">
    <error message="Cannot invoke &quot;org.json.simple.JSONObject.get(Object)&quot; because &quot;city&quot; is null" type="java.lang.NullPointerException">java.lang.NullPointerException: Cannot invoke "org.json.simple.JSONObject.get(Object)" because "city" is null
	at chatBot.weatherAPI.WeatherAPIModuleTest.testGetSunRise(WeatherAPIModuleTest.java:123)
</error>
    <system-out><![CDATA[{"coord":{"lon":-8.4706,"lat":51.898},"weather":[{"id":803,"main":"Clouds","description":"broken clouds","icon":"04d"}],"base":"stations","main":{"temp":11.87,"feels_like":11.38,"temp_min":11.87,"temp_max":11.87,"pressure":1006,"humidity":87},"visibility":10000,"wind":{"speed":5.66,"deg":110},"clouds":{"all":75},"dt":1682609844,"sys":{"type":1,"id":1563,"country":"IE","sunrise":1682572373,"sunset":1682625000},"timezone":3600,"id":2965140,"name":"Cork","cod":200}
{"coord":{"lon":-8.4706,"lat":51.898},"weather":[{"id":803,"main":"Clouds","description":"broken clouds","icon":"04d"}],"base":"stations","main":{"temp":11.87,"feels_like":11.38,"temp_min":11.87,"temp_max":11.87,"pressure":1006,"humidity":87},"visibility":10000,"wind":{"speed":5.66,"deg":110},"clouds":{"all":75},"dt":1682609844,"sys":{"type":1,"id":1563,"country":"IE","sunrise":1682572373,"sunset":1682625000},"timezone":3600,"id":2965140,"name":"Cork","cod":200}
{"visibility":10000,"timezone":3600,"main":{"temp":11.87,"temp_min":11.87,"humidity":87,"pressure":1006,"feels_like":11.38,"temp_max":11.87},"clouds":{"all":75},"sys":{"country":"IE","sunrise":1682572373,"sunset":1682625000,"id":1563,"type":1},"dt":1682609844,"coord":{"lon":-8.4706,"lat":51.898},"weather":[{"icon":"04d","description":"broken clouds","main":"Clouds","id":803}],"name":"Cork","cod":200,"id":2965140,"base":"stations","wind":{"deg":110,"speed":5.66}}
]]></system-out>
  </testcase>
  <testcase name="testGetWeatherDescription" classname="chatBot.weatherAPI.WeatherAPIModuleTest" time="0.199">
    <error message="Cannot invoke &quot;org.json.simple.JSONArray.get(int)&quot; because &quot;list&quot; is null" type="java.lang.NullPointerException">java.lang.NullPointerException: Cannot invoke "org.json.simple.JSONArray.get(int)" because "list" is null
	at chatBot.weatherAPI.WeatherAPIModuleTest.testGetWeatherDescription(WeatherAPIModuleTest.java:98)
</error>
    <system-out><![CDATA[{"coord":{"lon":-8.4706,"lat":51.898},"weather":[{"id":803,"main":"Clouds","description":"broken clouds","icon":"04d"}],"base":"stations","main":{"temp":11.87,"feels_like":11.38,"temp_min":11.87,"temp_max":11.87,"pressure":1006,"humidity":87},"visibility":10000,"wind":{"speed":5.66,"deg":110},"clouds":{"all":75},"dt":1682609844,"sys":{"type":1,"id":1563,"country":"IE","sunrise":1682572373,"sunset":1682625000},"timezone":3600,"id":2965140,"name":"Cork","cod":200}
{"coord":{"lon":-8.4706,"lat":51.898},"weather":[{"id":803,"main":"Clouds","description":"broken clouds","icon":"04d"}],"base":"stations","main":{"temp":11.87,"feels_like":11.38,"temp_min":11.87,"temp_max":11.87,"pressure":1006,"humidity":87},"visibility":10000,"wind":{"speed":5.66,"deg":110},"clouds":{"all":75},"dt":1682609844,"sys":{"type":1,"id":1563,"country":"IE","sunrise":1682572373,"sunset":1682625000},"timezone":3600,"id":2965140,"name":"Cork","cod":200}
{"visibility":10000,"timezone":3600,"main":{"temp":11.87,"temp_min":11.87,"humidity":87,"pressure":1006,"feels_like":11.38,"temp_max":11.87},"clouds":{"all":75},"sys":{"country":"IE","sunrise":1682572373,"sunset":1682625000,"id":1563,"type":1},"dt":1682609844,"coord":{"lon":-8.4706,"lat":51.898},"weather":[{"icon":"04d","description":"broken clouds","main":"Clouds","id":803}],"name":"Cork","cod":200,"id":2965140,"base":"stations","wind":{"deg":110,"speed":5.66}}
]]></system-out>
  </testcase>
  <testcase name="testEstablishConnection" classname="chatBot.weatherAPI.WeatherAPIModuleTest" time="0.206"/>
  <testcase name="testGetVisibility" classname="chatBot.weatherAPI.WeatherAPIModuleTest" time="0.178">
    <error message="Cannot invoke &quot;org.json.simple.JSONArray.get(int)&quot; because &quot;list&quot; is null" type="java.lang.NullPointerException">java.lang.NullPointerException: Cannot invoke "org.json.simple.JSONArray.get(int)" because "list" is null
	at chatBot.weatherAPI.WeatherAPIModuleTest.testGetVisibility(WeatherAPIModuleTest.java:118)
</error>
    <system-out><![CDATA[{"coord":{"lon":-8.4706,"lat":51.898},"weather":[{"id":803,"main":"Clouds","description":"broken clouds","icon":"04d"}],"base":"stations","main":{"temp":11.87,"feels_like":11.38,"temp_min":11.87,"temp_max":11.87,"pressure":1006,"humidity":87},"visibility":10000,"wind":{"speed":5.66,"deg":110},"clouds":{"all":75},"dt":1682609844,"sys":{"type":1,"id":1563,"country":"IE","sunrise":1682572373,"sunset":1682625000},"timezone":3600,"id":2965140,"name":"Cork","cod":200}
{"coord":{"lon":-8.4706,"lat":51.898},"weather":[{"id":803,"main":"Clouds","description":"broken clouds","icon":"04d"}],"base":"stations","main":{"temp":11.87,"feels_like":11.38,"temp_min":11.87,"temp_max":11.87,"pressure":1006,"humidity":87},"visibility":10000,"wind":{"speed":5.66,"deg":110},"clouds":{"all":75},"dt":1682609844,"sys":{"type":1,"id":1563,"country":"IE","sunrise":1682572373,"sunset":1682625000},"timezone":3600,"id":2965140,"name":"Cork","cod":200}
{"visibility":10000,"timezone":3600,"main":{"temp":11.87,"temp_min":11.87,"humidity":87,"pressure":1006,"feels_like":11.38,"temp_max":11.87},"clouds":{"all":75},"sys":{"country":"IE","sunrise":1682572373,"sunset":1682625000,"id":1563,"type":1},"dt":1682609844,"coord":{"lon":-8.4706,"lat":51.898},"weather":[{"icon":"04d","description":"broken clouds","main":"Clouds","id":803}],"name":"Cork","cod":200,"id":2965140,"base":"stations","wind":{"deg":110,"speed":5.66}}
]]></system-out>
  </testcase>
  <testcase name="testGetData" classname="chatBot.weatherAPI.WeatherAPIModuleTest" time="0.203"/>
  <testcase name="testGetTemp" classname="chatBot.weatherAPI.WeatherAPIModuleTest" time="0.168">
    <error message="Cannot invoke &quot;org.json.simple.JSONArray.get(int)&quot; because &quot;list&quot; is null" type="java.lang.NullPointerException">java.lang.NullPointerException: Cannot invoke "org.json.simple.JSONArray.get(int)" because "list" is null
	at chatBot.weatherAPI.WeatherAPIModuleTest.testGetTemp(WeatherAPIModuleTest.java:63)
</error>
    <system-out><![CDATA[{"coord":{"lon":-8.4706,"lat":51.898},"weather":[{"id":803,"main":"Clouds","description":"broken clouds","icon":"04d"}],"base":"stations","main":{"temp":11.87,"feels_like":11.38,"temp_min":11.87,"temp_max":11.87,"pressure":1006,"humidity":87},"visibility":10000,"wind":{"speed":5.66,"deg":110},"clouds":{"all":75},"dt":1682609844,"sys":{"type":1,"id":1563,"country":"IE","sunrise":1682572373,"sunset":1682625000},"timezone":3600,"id":2965140,"name":"Cork","cod":200}
{"coord":{"lon":-8.4706,"lat":51.898},"weather":[{"id":803,"main":"Clouds","description":"broken clouds","icon":"04d"}],"base":"stations","main":{"temp":11.87,"feels_like":11.38,"temp_min":11.87,"temp_max":11.87,"pressure":1006,"humidity":87},"visibility":10000,"wind":{"speed":5.66,"deg":110},"clouds":{"all":75},"dt":1682609844,"sys":{"type":1,"id":1563,"country":"IE","sunrise":1682572373,"sunset":1682625000},"timezone":3600,"id":2965140,"name":"Cork","cod":200}
{"visibility":10000,"timezone":3600,"main":{"temp":11.87,"temp_min":11.87,"humidity":87,"pressure":1006,"feels_like":11.38,"temp_max":11.87},"clouds":{"all":75},"sys":{"country":"IE","sunrise":1682572373,"sunset":1682625000,"id":1563,"type":1},"dt":1682609844,"coord":{"lon":-8.4706,"lat":51.898},"weather":[{"icon":"04d","description":"broken clouds","main":"Clouds","id":803}],"name":"Cork","cod":200,"id":2965140,"base":"stations","wind":{"deg":110,"speed":5.66}}
]]></system-out>
  </testcase>
  <testcase name="testGetFeelsLike" classname="chatBot.weatherAPI.WeatherAPIModuleTest" time="0.18">
    <error message="Cannot invoke &quot;org.json.simple.JSONArray.get(int)&quot; because &quot;list&quot; is null" type="java.lang.NullPointerException">java.lang.NullPointerException: Cannot invoke "org.json.simple.JSONArray.get(int)" because "list" is null
	at chatBot.weatherAPI.WeatherAPIModuleTest.testGetFeelsLike(WeatherAPIModuleTest.java:68)
</error>
    <system-out><![CDATA[{"coord":{"lon":-8.4706,"lat":51.898},"weather":[{"id":803,"main":"Clouds","description":"broken clouds","icon":"04d"}],"base":"stations","main":{"temp":11.87,"feels_like":11.38,"temp_min":11.87,"temp_max":11.87,"pressure":1006,"humidity":87},"visibility":10000,"wind":{"speed":5.66,"deg":110},"clouds":{"all":75},"dt":1682609844,"sys":{"type":1,"id":1563,"country":"IE","sunrise":1682572373,"sunset":1682625000},"timezone":3600,"id":2965140,"name":"Cork","cod":200}
{"coord":{"lon":-8.4706,"lat":51.898},"weather":[{"id":803,"main":"Clouds","description":"broken clouds","icon":"04d"}],"base":"stations","main":{"temp":11.87,"feels_like":11.38,"temp_min":11.87,"temp_max":11.87,"pressure":1006,"humidity":87},"visibility":10000,"wind":{"speed":5.66,"deg":110},"clouds":{"all":75},"dt":1682609844,"sys":{"type":1,"id":1563,"country":"IE","sunrise":1682572373,"sunset":1682625000},"timezone":3600,"id":2965140,"name":"Cork","cod":200}
{"visibility":10000,"timezone":3600,"main":{"temp":11.87,"temp_min":11.87,"humidity":87,"pressure":1006,"feels_like":11.38,"temp_max":11.87},"clouds":{"all":75},"sys":{"country":"IE","sunrise":1682572373,"sunset":1682625000,"id":1563,"type":1},"dt":1682609844,"coord":{"lon":-8.4706,"lat":51.898},"weather":[{"icon":"04d","description":"broken clouds","main":"Clouds","id":803}],"name":"Cork","cod":200,"id":2965140,"base":"stations","wind":{"deg":110,"speed":5.66}}
]]></system-out>
  </testcase>
  <testcase name="testGetPressure" classname="chatBot.weatherAPI.WeatherAPIModuleTest" time="0.172">
    <error message="Cannot invoke &quot;org.json.simple.JSONArray.get(int)&quot; because &quot;list&quot; is null" type="java.lang.NullPointerException">java.lang.NullPointerException: Cannot invoke "org.json.simple.JSONArray.get(int)" because "list" is null
	at chatBot.weatherAPI.WeatherAPIModuleTest.testGetPressure(WeatherAPIModuleTest.java:83)
</error>
    <system-out><![CDATA[{"coord":{"lon":-8.4706,"lat":51.898},"weather":[{"id":803,"main":"Clouds","description":"broken clouds","icon":"04d"}],"base":"stations","main":{"temp":11.87,"feels_like":11.38,"temp_min":11.87,"temp_max":11.87,"pressure":1006,"humidity":87},"visibility":10000,"wind":{"speed":5.66,"deg":110},"clouds":{"all":75},"dt":1682609844,"sys":{"type":1,"id":1563,"country":"IE","sunrise":1682572373,"sunset":1682625000},"timezone":3600,"id":2965140,"name":"Cork","cod":200}
{"coord":{"lon":-8.4706,"lat":51.898},"weather":[{"id":803,"main":"Clouds","description":"broken clouds","icon":"04d"}],"base":"stations","main":{"temp":11.87,"feels_like":11.38,"temp_min":11.87,"temp_max":11.87,"pressure":1006,"humidity":87},"visibility":10000,"wind":{"speed":5.66,"deg":110},"clouds":{"all":75},"dt":1682609844,"sys":{"type":1,"id":1563,"country":"IE","sunrise":1682572373,"sunset":1682625000},"timezone":3600,"id":2965140,"name":"Cork","cod":200}
{"visibility":10000,"timezone":3600,"main":{"temp":11.87,"temp_min":11.87,"humidity":87,"pressure":1006,"feels_like":11.38,"temp_max":11.87},"clouds":{"all":75},"sys":{"country":"IE","sunrise":1682572373,"sunset":1682625000,"id":1563,"type":1},"dt":1682609844,"coord":{"lon":-8.4706,"lat":51.898},"weather":[{"icon":"04d","description":"broken clouds","main":"Clouds","id":803}],"name":"Cork","cod":200,"id":2965140,"base":"stations","wind":{"deg":110,"speed":5.66}}
]]></system-out>
  </testcase>
  <testcase name="testGetRecorded" classname="chatBot.weatherAPI.WeatherAPIModuleTest" time="0.183">
    <error message="Cannot invoke &quot;org.json.simple.JSONArray.get(int)&quot; because &quot;list&quot; is null" type="java.lang.NullPointerException">java.lang.NullPointerException: Cannot invoke "org.json.simple.JSONArray.get(int)" because "list" is null
	at chatBot.weatherAPI.WeatherAPIModuleTest.testGetRecorded(WeatherAPIModuleTest.java:133)
</error>
    <system-out><![CDATA[{"coord":{"lon":-8.4706,"lat":51.898},"weather":[{"id":803,"main":"Clouds","description":"broken clouds","icon":"04d"}],"base":"stations","main":{"temp":11.87,"feels_like":11.38,"temp_min":11.87,"temp_max":11.87,"pressure":1006,"humidity":87},"visibility":10000,"wind":{"speed":5.66,"deg":110},"clouds":{"all":75},"dt":1682609844,"sys":{"type":1,"id":1563,"country":"IE","sunrise":1682572373,"sunset":1682625000},"timezone":3600,"id":2965140,"name":"Cork","cod":200}
{"coord":{"lon":-8.4706,"lat":51.898},"weather":[{"id":803,"main":"Clouds","description":"broken clouds","icon":"04d"}],"base":"stations","main":{"temp":11.87,"feels_like":11.38,"temp_min":11.87,"temp_max":11.87,"pressure":1006,"humidity":87},"visibility":10000,"wind":{"speed":5.66,"deg":110},"clouds":{"all":75},"dt":1682609844,"sys":{"type":1,"id":1563,"country":"IE","sunrise":1682572373,"sunset":1682625000},"timezone":3600,"id":2965140,"name":"Cork","cod":200}
{"visibility":10000,"timezone":3600,"main":{"temp":11.87,"temp_min":11.87,"humidity":87,"pressure":1006,"feels_like":11.38,"temp_max":11.87},"clouds":{"all":75},"sys":{"country":"IE","sunrise":1682572373,"sunset":1682625000,"id":1563,"type":1},"dt":1682609844,"coord":{"lon":-8.4706,"lat":51.898},"weather":[{"icon":"04d","description":"broken clouds","main":"Clouds","id":803}],"name":"Cork","cod":200,"id":2965140,"base":"stations","wind":{"deg":110,"speed":5.66}}
]]></system-out>
  </testcase>
  <testcase name="testGetWindDirection" classname="chatBot.weatherAPI.WeatherAPIModuleTest" time="0.197">
    <error message="Cannot invoke &quot;org.json.simple.JSONArray.get(int)&quot; because &quot;list&quot; is null" type="java.lang.NullPointerException">java.lang.NullPointerException: Cannot invoke "org.json.simple.JSONArray.get(int)" because "list" is null
	at chatBot.weatherAPI.WeatherAPIModuleTest.testGetWindDirection(WeatherAPIModuleTest.java:113)
</error>
    <system-out><![CDATA[{"coord":{"lon":-8.4706,"lat":51.898},"weather":[{"id":803,"main":"Clouds","description":"broken clouds","icon":"04d"}],"base":"stations","main":{"temp":11.87,"feels_like":11.38,"temp_min":11.87,"temp_max":11.87,"pressure":1006,"humidity":87},"visibility":10000,"wind":{"speed":5.66,"deg":110},"clouds":{"all":75},"dt":1682609844,"sys":{"type":1,"id":1563,"country":"IE","sunrise":1682572373,"sunset":1682625000},"timezone":3600,"id":2965140,"name":"Cork","cod":200}
{"coord":{"lon":-8.4706,"lat":51.898},"weather":[{"id":803,"main":"Clouds","description":"broken clouds","icon":"04d"}],"base":"stations","main":{"temp":11.87,"feels_like":11.38,"temp_min":11.87,"temp_max":11.87,"pressure":1006,"humidity":87},"visibility":10000,"wind":{"speed":5.66,"deg":110},"clouds":{"all":75},"dt":1682609844,"sys":{"type":1,"id":1563,"country":"IE","sunrise":1682572373,"sunset":1682625000},"timezone":3600,"id":2965140,"name":"Cork","cod":200}
{"visibility":10000,"timezone":3600,"main":{"temp":11.87,"temp_min":11.87,"humidity":87,"pressure":1006,"feels_like":11.38,"temp_max":11.87},"clouds":{"all":75},"sys":{"country":"IE","sunrise":1682572373,"sunset":1682625000,"id":1563,"type":1},"dt":1682609844,"coord":{"lon":-8.4706,"lat":51.898},"weather":[{"icon":"04d","description":"broken clouds","main":"Clouds","id":803}],"name":"Cork","cod":200,"id":2965140,"base":"stations","wind":{"deg":110,"speed":5.66}}
]]></system-out>
  </testcase>
  <testcase name="testGetWindSpeed" classname="chatBot.weatherAPI.WeatherAPIModuleTest" time="0.179">
    <error message="Cannot invoke &quot;org.json.simple.JSONArray.get(int)&quot; because &quot;list&quot; is null" type="java.lang.NullPointerException">java.lang.NullPointerException: Cannot invoke "org.json.simple.JSONArray.get(int)" because "list" is null
	at chatBot.weatherAPI.WeatherAPIModuleTest.testGetWindSpeed(WeatherAPIModuleTest.java:108)
</error>
    <system-out><![CDATA[{"coord":{"lon":-8.4706,"lat":51.898},"weather":[{"id":803,"main":"Clouds","description":"broken clouds","icon":"04d"}],"base":"stations","main":{"temp":11.87,"feels_like":11.38,"temp_min":11.87,"temp_max":11.87,"pressure":1006,"humidity":87},"visibility":10000,"wind":{"speed":5.66,"deg":110},"clouds":{"all":75},"dt":1682609844,"sys":{"type":1,"id":1563,"country":"IE","sunrise":1682572373,"sunset":1682625000},"timezone":3600,"id":2965140,"name":"Cork","cod":200}
{"coord":{"lon":-8.4706,"lat":51.898},"weather":[{"id":803,"main":"Clouds","description":"broken clouds","icon":"04d"}],"base":"stations","main":{"temp":11.87,"feels_like":11.38,"temp_min":11.87,"temp_max":11.87,"pressure":1006,"humidity":87},"visibility":10000,"wind":{"speed":5.66,"deg":110},"clouds":{"all":75},"dt":1682609844,"sys":{"type":1,"id":1563,"country":"IE","sunrise":1682572373,"sunset":1682625000},"timezone":3600,"id":2965140,"name":"Cork","cod":200}
{"visibility":10000,"timezone":3600,"main":{"temp":11.87,"temp_min":11.87,"humidity":87,"pressure":1006,"feels_like":11.38,"temp_max":11.87},"clouds":{"all":75},"sys":{"country":"IE","sunrise":1682572373,"sunset":1682625000,"id":1563,"type":1},"dt":1682609844,"coord":{"lon":-8.4706,"lat":51.898},"weather":[{"icon":"04d","description":"broken clouds","main":"Clouds","id":803}],"name":"Cork","cod":200,"id":2965140,"base":"stations","wind":{"deg":110,"speed":5.66}}
]]></system-out>
  </testcase>
  <testcase name="testGetClouds" classname="chatBot.weatherAPI.WeatherAPIModuleTest" time="0.169">
    <error message="Cannot invoke &quot;org.json.simple.JSONArray.get(int)&quot; because &quot;list&quot; is null" type="java.lang.NullPointerException">java.lang.NullPointerException: Cannot invoke "org.json.simple.JSONArray.get(int)" because "list" is null
	at chatBot.weatherAPI.WeatherAPIModuleTest.testGetClouds(WeatherAPIModuleTest.java:103)
</error>
    <system-out><![CDATA[{"coord":{"lon":-8.4706,"lat":51.898},"weather":[{"id":803,"main":"Clouds","description":"broken clouds","icon":"04d"}],"base":"stations","main":{"temp":11.87,"feels_like":11.38,"temp_min":11.87,"temp_max":11.87,"pressure":1006,"humidity":87},"visibility":10000,"wind":{"speed":5.66,"deg":110},"clouds":{"all":75},"dt":1682609844,"sys":{"type":1,"id":1563,"country":"IE","sunrise":1682572373,"sunset":1682625000},"timezone":3600,"id":2965140,"name":"Cork","cod":200}
{"coord":{"lon":-8.4706,"lat":51.898},"weather":[{"id":803,"main":"Clouds","description":"broken clouds","icon":"04d"}],"base":"stations","main":{"temp":11.87,"feels_like":11.38,"temp_min":11.87,"temp_max":11.87,"pressure":1006,"humidity":87},"visibility":10000,"wind":{"speed":5.66,"deg":110},"clouds":{"all":75},"dt":1682609844,"sys":{"type":1,"id":1563,"country":"IE","sunrise":1682572373,"sunset":1682625000},"timezone":3600,"id":2965140,"name":"Cork","cod":200}
{"visibility":10000,"timezone":3600,"main":{"temp":11.87,"temp_min":11.87,"humidity":87,"pressure":1006,"feels_like":11.38,"temp_max":11.87},"clouds":{"all":75},"sys":{"country":"IE","sunrise":1682572373,"sunset":1682625000,"id":1563,"type":1},"dt":1682609844,"coord":{"lon":-8.4706,"lat":51.898},"weather":[{"icon":"04d","description":"broken clouds","main":"Clouds","id":803}],"name":"Cork","cod":200,"id":2965140,"base":"stations","wind":{"deg":110,"speed":5.66}}
]]></system-out>
  </testcase>
  <testcase name="testGetMaxTemp" classname="chatBot.weatherAPI.WeatherAPIModuleTest" time="0.171">
    <error message="Cannot invoke &quot;org.json.simple.JSONArray.get(int)&quot; because &quot;list&quot; is null" type="java.lang.NullPointerException">java.lang.NullPointerException: Cannot invoke "org.json.simple.JSONArray.get(int)" because "list" is null
	at chatBot.weatherAPI.WeatherAPIModuleTest.testGetMaxTemp(WeatherAPIModuleTest.java:78)
</error>
    <system-out><![CDATA[{"coord":{"lon":-8.4706,"lat":51.898},"weather":[{"id":803,"main":"Clouds","description":"broken clouds","icon":"04d"}],"base":"stations","main":{"temp":11.87,"feels_like":11.38,"temp_min":11.87,"temp_max":11.87,"pressure":1006,"humidity":87},"visibility":10000,"wind":{"speed":5.66,"deg":110},"clouds":{"all":75},"dt":1682609844,"sys":{"type":1,"id":1563,"country":"IE","sunrise":1682572373,"sunset":1682625000},"timezone":3600,"id":2965140,"name":"Cork","cod":200}
{"coord":{"lon":-8.4706,"lat":51.898},"weather":[{"id":803,"main":"Clouds","description":"broken clouds","icon":"04d"}],"base":"stations","main":{"temp":11.87,"feels_like":11.38,"temp_min":11.87,"temp_max":11.87,"pressure":1006,"humidity":87},"visibility":10000,"wind":{"speed":5.66,"deg":110},"clouds":{"all":75},"dt":1682609844,"sys":{"type":1,"id":1563,"country":"IE","sunrise":1682572373,"sunset":1682625000},"timezone":3600,"id":2965140,"name":"Cork","cod":200}
{"visibility":10000,"timezone":3600,"main":{"temp":11.87,"temp_min":11.87,"humidity":87,"pressure":1006,"feels_like":11.38,"temp_max":11.87},"clouds":{"all":75},"sys":{"country":"IE","sunrise":1682572373,"sunset":1682625000,"id":1563,"type":1},"dt":1682609844,"coord":{"lon":-8.4706,"lat":51.898},"weather":[{"icon":"04d","description":"broken clouds","main":"Clouds","id":803}],"name":"Cork","cod":200,"id":2965140,"base":"stations","wind":{"deg":110,"speed":5.66}}
]]></system-out>
  </testcase>
  <testcase name="testGetMinTemp" classname="chatBot.weatherAPI.WeatherAPIModuleTest" time="0.267">
    <error message="Cannot invoke &quot;org.json.simple.JSONArray.get(int)&quot; because &quot;list&quot; is null" type="java.lang.NullPointerException">java.lang.NullPointerException: Cannot invoke "org.json.simple.JSONArray.get(int)" because "list" is null
	at chatBot.weatherAPI.WeatherAPIModuleTest.testGetMinTemp(WeatherAPIModuleTest.java:73)
</error>
    <system-out><![CDATA[{"coord":{"lon":-8.4706,"lat":51.898},"weather":[{"id":803,"main":"Clouds","description":"broken clouds","icon":"04d"}],"base":"stations","main":{"temp":11.87,"feels_like":11.38,"temp_min":11.87,"temp_max":11.87,"pressure":1006,"humidity":87},"visibility":10000,"wind":{"speed":5.66,"deg":110},"clouds":{"all":75},"dt":1682609844,"sys":{"type":1,"id":1563,"country":"IE","sunrise":1682572373,"sunset":1682625000},"timezone":3600,"id":2965140,"name":"Cork","cod":200}
{"coord":{"lon":-8.4706,"lat":51.898},"weather":[{"id":803,"main":"Clouds","description":"broken clouds","icon":"04d"}],"base":"stations","main":{"temp":11.87,"feels_like":11.38,"temp_min":11.87,"temp_max":11.87,"pressure":1006,"humidity":87},"visibility":10000,"wind":{"speed":5.66,"deg":110},"clouds":{"all":75},"dt":1682609844,"sys":{"type":1,"id":1563,"country":"IE","sunrise":1682572373,"sunset":1682625000},"timezone":3600,"id":2965140,"name":"Cork","cod":200}
{"visibility":10000,"timezone":3600,"main":{"temp":11.87,"temp_min":11.87,"humidity":87,"pressure":1006,"feels_like":11.38,"temp_max":11.87},"clouds":{"all":75},"sys":{"country":"IE","sunrise":1682572373,"sunset":1682625000,"id":1563,"type":1},"dt":1682609844,"coord":{"lon":-8.4706,"lat":51.898},"weather":[{"icon":"04d","description":"broken clouds","main":"Clouds","id":803}],"name":"Cork","cod":200,"id":2965140,"base":"stations","wind":{"deg":110,"speed":5.66}}
]]></system-out>
  </testcase>
  <testcase name="testGetSunSet" classname="chatBot.weatherAPI.WeatherAPIModuleTest" time="0.191">
    <error message="Cannot invoke &quot;org.json.simple.JSONObject.get(Object)&quot; because &quot;city&quot; is null" type="java.lang.NullPointerException">java.lang.NullPointerException: Cannot invoke "org.json.simple.JSONObject.get(Object)" because "city" is null
	at chatBot.weatherAPI.WeatherAPIModuleTest.testGetSunSet(WeatherAPIModuleTest.java:128)
</error>
    <system-out><![CDATA[{"coord":{"lon":-8.4706,"lat":51.898},"weather":[{"id":803,"main":"Clouds","description":"broken clouds","icon":"04d"}],"base":"stations","main":{"temp":11.87,"feels_like":11.38,"temp_min":11.87,"temp_max":11.87,"pressure":1006,"humidity":87},"visibility":10000,"wind":{"speed":5.66,"deg":110},"clouds":{"all":75},"dt":1682609844,"sys":{"type":1,"id":1563,"country":"IE","sunrise":1682572373,"sunset":1682625000},"timezone":3600,"id":2965140,"name":"Cork","cod":200}
{"coord":{"lon":-8.4706,"lat":51.898},"weather":[{"id":803,"main":"Clouds","description":"broken clouds","icon":"04d"}],"base":"stations","main":{"temp":11.87,"feels_like":11.38,"temp_min":11.87,"temp_max":11.87,"pressure":1006,"humidity":87},"visibility":10000,"wind":{"speed":5.66,"deg":110},"clouds":{"all":75},"dt":1682609844,"sys":{"type":1,"id":1563,"country":"IE","sunrise":1682572373,"sunset":1682625000},"timezone":3600,"id":2965140,"name":"Cork","cod":200}
{"visibility":10000,"timezone":3600,"main":{"temp":11.87,"temp_min":11.87,"humidity":87,"pressure":1006,"feels_like":11.38,"temp_max":11.87},"clouds":{"all":75},"sys":{"country":"IE","sunrise":1682572373,"sunset":1682625000,"id":1563,"type":1},"dt":1682609844,"coord":{"lon":-8.4706,"lat":51.898},"weather":[{"icon":"04d","description":"broken clouds","main":"Clouds","id":803}],"name":"Cork","cod":200,"id":2965140,"base":"stations","wind":{"deg":110,"speed":5.66}}
]]></system-out>
  </testcase>
  <testcase name="testGetWeather" classname="chatBot.weatherAPI.WeatherAPIModuleTest" time="0.178">
    <error message="Cannot invoke &quot;org.json.simple.JSONArray.get(int)&quot; because &quot;list&quot; is null" type="java.lang.NullPointerException">java.lang.NullPointerException: Cannot invoke "org.json.simple.JSONArray.get(int)" because "list" is null
	at chatBot.weatherAPI.WeatherAPIModuleTest.testGetWeather(WeatherAPIModuleTest.java:93)
</error>
    <system-out><![CDATA[{"coord":{"lon":-8.4706,"lat":51.898},"weather":[{"id":803,"main":"Clouds","description":"broken clouds","icon":"04d"}],"base":"stations","main":{"temp":11.87,"feels_like":11.38,"temp_min":11.87,"temp_max":11.87,"pressure":1006,"humidity":87},"visibility":10000,"wind":{"speed":5.66,"deg":110},"clouds":{"all":75},"dt":1682609844,"sys":{"type":1,"id":1563,"country":"IE","sunrise":1682572373,"sunset":1682625000},"timezone":3600,"id":2965140,"name":"Cork","cod":200}
{"coord":{"lon":-8.4706,"lat":51.898},"weather":[{"id":803,"main":"Clouds","description":"broken clouds","icon":"04d"}],"base":"stations","main":{"temp":11.87,"feels_like":11.38,"temp_min":11.87,"temp_max":11.87,"pressure":1006,"humidity":87},"visibility":10000,"wind":{"speed":5.66,"deg":110},"clouds":{"all":75},"dt":1682609844,"sys":{"type":1,"id":1563,"country":"IE","sunrise":1682572373,"sunset":1682625000},"timezone":3600,"id":2965140,"name":"Cork","cod":200}
{"visibility":10000,"timezone":3600,"main":{"temp":11.87,"temp_min":11.87,"humidity":87,"pressure":1006,"feels_like":11.38,"temp_max":11.87},"clouds":{"all":75},"sys":{"country":"IE","sunrise":1682572373,"sunset":1682625000,"id":1563,"type":1},"dt":1682609844,"coord":{"lon":-8.4706,"lat":51.898},"weather":[{"icon":"04d","description":"broken clouds","main":"Clouds","id":803}],"name":"Cork","cod":200,"id":2965140,"base":"stations","wind":{"deg":110,"speed":5.66}}
]]></system-out>
  </testcase>
  <testcase name="testGetHumidity" classname="chatBot.weatherAPI.WeatherAPIModuleTest" time="0.173">
    <error message="Cannot invoke &quot;org.json.simple.JSONArray.get(int)&quot; because &quot;list&quot; is null" type="java.lang.NullPointerException">java.lang.NullPointerException: Cannot invoke "org.json.simple.JSONArray.get(int)" because "list" is null
	at chatBot.weatherAPI.WeatherAPIModuleTest.testGetHumidity(WeatherAPIModuleTest.java:88)
</error>
    <system-out><![CDATA[{"coord":{"lon":-8.4706,"lat":51.898},"weather":[{"id":803,"main":"Clouds","description":"broken clouds","icon":"04d"}],"base":"stations","main":{"temp":11.87,"feels_like":11.38,"temp_min":11.87,"temp_max":11.87,"pressure":1006,"humidity":87},"visibility":10000,"wind":{"speed":5.66,"deg":110},"clouds":{"all":75},"dt":1682609844,"sys":{"type":1,"id":1563,"country":"IE","sunrise":1682572373,"sunset":1682625000},"timezone":3600,"id":2965140,"name":"Cork","cod":200}
{"coord":{"lon":-8.4706,"lat":51.898},"weather":[{"id":803,"main":"Clouds","description":"broken clouds","icon":"04d"}],"base":"stations","main":{"temp":11.87,"feels_like":11.38,"temp_min":11.87,"temp_max":11.87,"pressure":1006,"humidity":87},"visibility":10000,"wind":{"speed":5.66,"deg":110},"clouds":{"all":75},"dt":1682609844,"sys":{"type":1,"id":1563,"country":"IE","sunrise":1682572373,"sunset":1682625000},"timezone":3600,"id":2965140,"name":"Cork","cod":200}
{"visibility":10000,"timezone":3600,"main":{"temp":11.87,"temp_min":11.87,"humidity":87,"pressure":1006,"feels_like":11.38,"temp_max":11.87},"clouds":{"all":75},"sys":{"country":"IE","sunrise":1682572373,"sunset":1682625000,"id":1563,"type":1},"dt":1682609844,"coord":{"lon":-8.4706,"lat":51.898},"weather":[{"icon":"04d","description":"broken clouds","main":"Clouds","id":803}],"name":"Cork","cod":200,"id":2965140,"base":"stations","wind":{"deg":110,"speed":5.66}}
]]></system-out>
  </testcase>
</testsuite>